<?xml version="1.0" encoding="UTF-8"?>
<testsuite xmlns:xsi="http://www.w3.org/2001/XMLSchema-instance" xsi:noNamespaceSchemaLocation="https://maven.apache.org/surefire/maven-surefire-plugin/xsd/surefire-test-report.xsd" name="BenchmarkEducation.BenchmarkEducationTest" time="138.665" tests="1" errors="0" skipped="0" failures="1">
  <properties>
    <property name="sun.desktop" value="windows"/>
    <property name="awt.toolkit" value="sun.awt.windows.WToolkit"/>
    <property name="java.specification.version" value="11"/>
    <property name="sun.cpu.isalist" value="amd64"/>
    <property name="sun.jnu.encoding" value="Cp1252"/>
    <property name="java.class.path" value="C:\Users\PawanKumar\KarateAutomation\BenchMarkFramework\target\test-classes;C:\Users\PawanKumar\KarateAutomation\BenchMarkFramework\target\classes;C:\Users\PawanKumar\.m2\repository\com\intuit\karate\karate-junit5\1.2.0\karate-junit5-1.2.0.jar;C:\Users\PawanKumar\.m2\repository\org\junit\jupiter\junit-jupiter-api\5.7.2\junit-jupiter-api-5.7.2.jar;C:\Users\PawanKumar\.m2\repository\org\apiguardian\apiguardian-api\1.1.0\apiguardian-api-1.1.0.jar;C:\Users\PawanKumar\.m2\repository\org\opentest4j\opentest4j\1.2.0\opentest4j-1.2.0.jar;C:\Users\PawanKumar\.m2\repository\org\junit\platform\junit-platform-commons\1.7.2\junit-platform-commons-1.7.2.jar;C:\Users\PawanKumar\.m2\repository\org\junit\jupiter\junit-jupiter-engine\5.7.2\junit-jupiter-engine-5.7.2.jar;C:\Users\PawanKumar\.m2\repository\org\junit\platform\junit-platform-engine\1.7.2\junit-platform-engine-1.7.2.jar;C:\Users\PawanKumar\.m2\repository\com\intuit\karate\karate-core\1.2.0\karate-core-1.2.0.jar;C:\Users\PawanKumar\.m2\repository\org\graalvm\js\js-scriptengine\21.2.0\js-scriptengine-21.2.0.jar;C:\Users\PawanKumar\.m2\repository\org\graalvm\sdk\graal-sdk\21.2.0\graal-sdk-21.2.0.jar;C:\Users\PawanKumar\.m2\repository\org\graalvm\js\js\21.2.0\js-21.2.0.jar;C:\Users\PawanKumar\.m2\repository\org\graalvm\regex\regex\21.2.0\regex-21.2.0.jar;C:\Users\PawanKumar\.m2\repository\org\graalvm\truffle\truffle-api\21.2.0\truffle-api-21.2.0.jar;C:\Users\PawanKumar\.m2\repository\com\ibm\icu\icu4j\69.1\icu4j-69.1.jar;C:\Users\PawanKumar\.m2\repository\org\thymeleaf\thymeleaf\3.0.14.RELEASE\thymeleaf-3.0.14.RELEASE.jar;C:\Users\PawanKumar\.m2\repository\ognl\ognl\3.1.26\ognl-3.1.26.jar;C:\Users\PawanKumar\.m2\repository\org\javassist\javassist\3.20.0-GA\javassist-3.20.0-GA.jar;C:\Users\PawanKumar\.m2\repository\org\attoparser\attoparser\2.0.5.RELEASE\attoparser-2.0.5.RELEASE.jar;C:\Users\PawanKumar\.m2\repository\org\unbescape\unbescape\1.1.6.RELEASE\unbescape-1.1.6.RELEASE.jar;C:\Users\PawanKumar\.m2\repository\org\slf4j\slf4j-api\1.7.25\slf4j-api-1.7.25.jar;C:\Users\PawanKumar\.m2\repository\com\linecorp\armeria\armeria\1.13.4\armeria-1.13.4.jar;C:\Users\PawanKumar\.m2\repository\com\fasterxml\jackson\core\jackson-core\2.13.0\jackson-core-2.13.0.jar;C:\Users\PawanKumar\.m2\repository\com\fasterxml\jackson\core\jackson-annotations\2.13.0\jackson-annotations-2.13.0.jar;C:\Users\PawanKumar\.m2\repository\io\micrometer\micrometer-core\1.7.6\micrometer-core-1.7.6.jar;C:\Users\PawanKumar\.m2\repository\org\hdrhistogram\HdrHistogram\2.1.12\HdrHistogram-2.1.12.jar;C:\Users\PawanKumar\.m2\repository\org\latencyutils\LatencyUtils\2.0.3\LatencyUtils-2.0.3.jar;C:\Users\PawanKumar\.m2\repository\io\netty\netty-transport\4.1.70.Final\netty-transport-4.1.70.Final.jar;C:\Users\PawanKumar\.m2\repository\io\netty\netty-common\4.1.70.Final\netty-common-4.1.70.Final.jar;C:\Users\PawanKumar\.m2\repository\io\netty\netty-buffer\4.1.70.Final\netty-buffer-4.1.70.Final.jar;C:\Users\PawanKumar\.m2\repository\io\netty\netty-resolver\4.1.70.Final\netty-resolver-4.1.70.Final.jar;C:\Users\PawanKumar\.m2\repository\io\netty\netty-codec-http2\4.1.70.Final\netty-codec-http2-4.1.70.Final.jar;C:\Users\PawanKumar\.m2\repository\io\netty\netty-codec\4.1.70.Final\netty-codec-4.1.70.Final.jar;C:\Users\PawanKumar\.m2\repository\io\netty\netty-handler\4.1.70.Final\netty-handler-4.1.70.Final.jar;C:\Users\PawanKumar\.m2\repository\io\netty\netty-codec-http\4.1.70.Final\netty-codec-http-4.1.70.Final.jar;C:\Users\PawanKumar\.m2\repository\io\netty\netty-codec-haproxy\4.1.70.Final\netty-codec-haproxy-4.1.70.Final.jar;C:\Users\PawanKumar\.m2\repository\io\netty\netty-resolver-dns\4.1.70.Final\netty-resolver-dns-4.1.70.Final.jar;C:\Users\PawanKumar\.m2\repository\io\netty\netty-codec-dns\4.1.70.Final\netty-codec-dns-4.1.70.Final.jar;C:\Users\PawanKumar\.m2\repository\org\reactivestreams\reactive-streams\1.0.3\reactive-streams-1.0.3.jar;C:\Users\PawanKumar\.m2\repository\com\google\code\findbugs\jsr305\3.0.2\jsr305-3.0.2.jar;C:\Users\PawanKumar\.m2\repository\io\netty\netty-resolver-dns-native-macos\4.1.70.Final\netty-resolver-dns-native-macos-4.1.70.Final-osx-x86_64.jar;C:\Users\PawanKumar\.m2\repository\io\netty\netty-resolver-dns-classes-macos\4.1.70.Final\netty-resolver-dns-classes-macos-4.1.70.Final.jar;C:\Users\PawanKumar\.m2\repository\io\netty\netty-transport-native-unix-common\4.1.70.Final\netty-transport-native-unix-common-4.1.70.Final-linux-x86_64.jar;C:\Users\PawanKumar\.m2\repository\io\netty\netty-transport-native-epoll\4.1.70.Final\netty-transport-native-epoll-4.1.70.Final-linux-x86_64.jar;C:\Users\PawanKumar\.m2\repository\io\netty\netty-transport-native-unix-common\4.1.70.Final\netty-transport-native-unix-common-4.1.70.Final.jar;C:\Users\PawanKumar\.m2\repository\io\netty\netty-transport-classes-epoll\4.1.70.Final\netty-transport-classes-epoll-4.1.70.Final.jar;C:\Users\PawanKumar\.m2\repository\io\netty\netty-tcnative-boringssl-static\2.0.44.Final\netty-tcnative-boringssl-static-2.0.44.Final.jar;C:\Users\PawanKumar\.m2\repository\io\netty\netty-handler-proxy\4.1.70.Final\netty-handler-proxy-4.1.70.Final.jar;C:\Users\PawanKumar\.m2\repository\io\netty\netty-codec-socks\4.1.70.Final\netty-codec-socks-4.1.70.Final.jar;C:\Users\PawanKumar\.m2\repository\com\aayushatharva\brotli4j\brotli4j\1.6.0\brotli4j-1.6.0.jar;C:\Users\PawanKumar\.m2\repository\com\aayushatharva\brotli4j\native-windows-x86_64\1.6.0\native-windows-x86_64-1.6.0.jar;C:\Users\PawanKumar\.m2\repository\org\apache\httpcomponents\httpclient\4.5.13\httpclient-4.5.13.jar;C:\Users\PawanKumar\.m2\repository\org\apache\httpcomponents\httpcore\4.4.13\httpcore-4.4.13.jar;C:\Users\PawanKumar\.m2\repository\commons-codec\commons-codec\1.11\commons-codec-1.11.jar;C:\Users\PawanKumar\.m2\repository\ch\qos\logback\logback-classic\1.2.9\logback-classic-1.2.9.jar;C:\Users\PawanKumar\.m2\repository\ch\qos\logback\logback-core\1.2.9\logback-core-1.2.9.jar;C:\Users\PawanKumar\.m2\repository\org\slf4j\jcl-over-slf4j\1.7.32\jcl-over-slf4j-1.7.32.jar;C:\Users\PawanKumar\.m2\repository\org\antlr\antlr4-runtime\4.9.2\antlr4-runtime-4.9.2.jar;C:\Users\PawanKumar\.m2\repository\com\jayway\jsonpath\json-path\2.7.0\json-path-2.7.0.jar;C:\Users\PawanKumar\.m2\repository\net\minidev\json-smart\2.4.7\json-smart-2.4.7.jar;C:\Users\PawanKumar\.m2\repository\net\minidev\accessors-smart\2.4.7\accessors-smart-2.4.7.jar;C:\Users\PawanKumar\.m2\repository\org\ow2\asm\asm\9.1\asm-9.1.jar;C:\Users\PawanKumar\.m2\repository\info\cukes\cucumber-java\1.2.5\cucumber-java-1.2.5.jar;C:\Users\PawanKumar\.m2\repository\info\cukes\cucumber-core\1.2.5\cucumber-core-1.2.5.jar;C:\Users\PawanKumar\.m2\repository\org\yaml\snakeyaml\1.29\snakeyaml-1.29.jar;C:\Users\PawanKumar\.m2\repository\de\siegmar\fastcsv\2.0.0\fastcsv-2.0.0.jar;C:\Users\PawanKumar\.m2\repository\info\picocli\picocli\4.6.1\picocli-4.6.1.jar;C:\Users\PawanKumar\.m2\repository\io\github\classgraph\classgraph\4.8.108\classgraph-4.8.108.jar;C:\Users\PawanKumar\.m2\repository\net\masterthought\cucumber-reporting\5.3.1\cucumber-reporting-5.3.1.jar;C:\Users\PawanKumar\.m2\repository\com\fasterxml\jackson\core\jackson-databind\2.10.1\jackson-databind-2.10.1.jar;C:\Users\PawanKumar\.m2\repository\com\fasterxml\jackson\datatype\jackson-datatype-jsr310\2.10.1\jackson-datatype-jsr310-2.10.1.jar;C:\Users\PawanKumar\.m2\repository\org\apache\velocity\velocity-engine-core\2.1\velocity-engine-core-2.1.jar;C:\Users\PawanKumar\.m2\repository\commons-collections\commons-collections\3.2.2\commons-collections-3.2.2.jar;C:\Users\PawanKumar\.m2\repository\joda-time\joda-time\2.10.5\joda-time-2.10.5.jar;C:\Users\PawanKumar\.m2\repository\org\apache\commons\commons-lang3\3.9\commons-lang3-3.9.jar;C:\Users\PawanKumar\.m2\repository\commons-io\commons-io\2.6\commons-io-2.6.jar;C:\Users\PawanKumar\.m2\repository\org\codehaus\plexus\plexus-utils\3.3.0\plexus-utils-3.3.0.jar;C:\Users\PawanKumar\.m2\repository\org\jsoup\jsoup\1.12.1\jsoup-1.12.1.jar;C:\Users\PawanKumar\.m2\repository\com\googlecode\owasp-java-html-sanitizer\owasp-java-html-sanitizer\20191001.1\owasp-java-html-sanitizer-20191001.1.jar;C:\Users\PawanKumar\.m2\repository\com\google\guava\guava\27.1-jre\guava-27.1-jre.jar;C:\Users\PawanKumar\.m2\repository\com\google\guava\failureaccess\1.0.1\failureaccess-1.0.1.jar;C:\Users\PawanKumar\.m2\repository\com\google\guava\listenablefuture\9999.0-empty-to-avoid-conflict-with-guava\listenablefuture-9999.0-empty-to-avoid-conflict-with-guava.jar;C:\Users\PawanKumar\.m2\repository\org\checkerframework\checker-qual\2.5.2\checker-qual-2.5.2.jar;C:\Users\PawanKumar\.m2\repository\com\google\errorprone\error_prone_annotations\2.2.0\error_prone_annotations-2.2.0.jar;C:\Users\PawanKumar\.m2\repository\com\google\j2objc\j2objc-annotations\1.1\j2objc-annotations-1.1.jar;C:\Users\PawanKumar\.m2\repository\org\codehaus\mojo\animal-sniffer-annotations\1.17\animal-sniffer-annotations-1.17.jar;C:\Users\PawanKumar\.m2\repository\commons-configuration\commons-configuration\1.10\commons-configuration-1.10.jar;C:\Users\PawanKumar\.m2\repository\commons-lang\commons-lang\2.6\commons-lang-2.6.jar;C:\Users\PawanKumar\.m2\repository\commons-logging\commons-logging\1.1.1\commons-logging-1.1.1.jar;C:\Users\PawanKumar\.m2\repository\net\datafaker\datafaker\1.9.0\datafaker-1.9.0.jar;C:\Users\PawanKumar\.m2\repository\com\github\mifmif\generex\1.0.2\generex-1.0.2.jar;C:\Users\PawanKumar\.m2\repository\dk\brics\automaton\automaton\1.11-8\automaton-1.11-8.jar;"/>
    <property name="java.vm.vendor" value="Oracle Corporation"/>
    <property name="sun.arch.data.model" value="64"/>
    <property name="user.variant" value=""/>
    <property name="java.vendor.url" value="https://openjdk.java.net/"/>
    <property name="user.timezone" value="Asia/Calcutta"/>
    <property name="java.vm.specification.version" value="11"/>
    <property name="os.name" value="Windows 10"/>
    <property name="sun.java.launcher" value="SUN_STANDARD"/>
    <property name="user.country" value="IN"/>
    <property name="sun.boot.library.path" value="C:\Program Files\Java\jdk-11.0.17\bin"/>
    <property name="sun.java.command" value="C:\Users\PAWANK~1\AppData\Local\Temp\surefire15774246164743381724\surefirebooter207717995902758894.jar C:\Users\PawanKumar\AppData\Local\Temp\surefire15774246164743381724 2024-08-15T17-13-41_349-jvmRun1 surefire5010043119219653804tmp surefire_06738520019311493196tmp"/>
    <property name="jdk.debug" value="release"/>
    <property name="surefire.test.class.path" value="C:\Users\PawanKumar\KarateAutomation\BenchMarkFramework\target\test-classes;C:\Users\PawanKumar\KarateAutomation\BenchMarkFramework\target\classes;C:\Users\PawanKumar\.m2\repository\com\intuit\karate\karate-junit5\1.2.0\karate-junit5-1.2.0.jar;C:\Users\PawanKumar\.m2\repository\org\junit\jupiter\junit-jupiter-api\5.7.2\junit-jupiter-api-5.7.2.jar;C:\Users\PawanKumar\.m2\repository\org\apiguardian\apiguardian-api\1.1.0\apiguardian-api-1.1.0.jar;C:\Users\PawanKumar\.m2\repository\org\opentest4j\opentest4j\1.2.0\opentest4j-1.2.0.jar;C:\Users\PawanKumar\.m2\repository\org\junit\platform\junit-platform-commons\1.7.2\junit-platform-commons-1.7.2.jar;C:\Users\PawanKumar\.m2\repository\org\junit\jupiter\junit-jupiter-engine\5.7.2\junit-jupiter-engine-5.7.2.jar;C:\Users\PawanKumar\.m2\repository\org\junit\platform\junit-platform-engine\1.7.2\junit-platform-engine-1.7.2.jar;C:\Users\PawanKumar\.m2\repository\com\intuit\karate\karate-core\1.2.0\karate-core-1.2.0.jar;C:\Users\PawanKumar\.m2\repository\org\graalvm\js\js-scriptengine\21.2.0\js-scriptengine-21.2.0.jar;C:\Users\PawanKumar\.m2\repository\org\graalvm\sdk\graal-sdk\21.2.0\graal-sdk-21.2.0.jar;C:\Users\PawanKumar\.m2\repository\org\graalvm\js\js\21.2.0\js-21.2.0.jar;C:\Users\PawanKumar\.m2\repository\org\graalvm\regex\regex\21.2.0\regex-21.2.0.jar;C:\Users\PawanKumar\.m2\repository\org\graalvm\truffle\truffle-api\21.2.0\truffle-api-21.2.0.jar;C:\Users\PawanKumar\.m2\repository\com\ibm\icu\icu4j\69.1\icu4j-69.1.jar;C:\Users\PawanKumar\.m2\repository\org\thymeleaf\thymeleaf\3.0.14.RELEASE\thymeleaf-3.0.14.RELEASE.jar;C:\Users\PawanKumar\.m2\repository\ognl\ognl\3.1.26\ognl-3.1.26.jar;C:\Users\PawanKumar\.m2\repository\org\javassist\javassist\3.20.0-GA\javassist-3.20.0-GA.jar;C:\Users\PawanKumar\.m2\repository\org\attoparser\attoparser\2.0.5.RELEASE\attoparser-2.0.5.RELEASE.jar;C:\Users\PawanKumar\.m2\repository\org\unbescape\unbescape\1.1.6.RELEASE\unbescape-1.1.6.RELEASE.jar;C:\Users\PawanKumar\.m2\repository\org\slf4j\slf4j-api\1.7.25\slf4j-api-1.7.25.jar;C:\Users\PawanKumar\.m2\repository\com\linecorp\armeria\armeria\1.13.4\armeria-1.13.4.jar;C:\Users\PawanKumar\.m2\repository\com\fasterxml\jackson\core\jackson-core\2.13.0\jackson-core-2.13.0.jar;C:\Users\PawanKumar\.m2\repository\com\fasterxml\jackson\core\jackson-annotations\2.13.0\jackson-annotations-2.13.0.jar;C:\Users\PawanKumar\.m2\repository\io\micrometer\micrometer-core\1.7.6\micrometer-core-1.7.6.jar;C:\Users\PawanKumar\.m2\repository\org\hdrhistogram\HdrHistogram\2.1.12\HdrHistogram-2.1.12.jar;C:\Users\PawanKumar\.m2\repository\org\latencyutils\LatencyUtils\2.0.3\LatencyUtils-2.0.3.jar;C:\Users\PawanKumar\.m2\repository\io\netty\netty-transport\4.1.70.Final\netty-transport-4.1.70.Final.jar;C:\Users\PawanKumar\.m2\repository\io\netty\netty-common\4.1.70.Final\netty-common-4.1.70.Final.jar;C:\Users\PawanKumar\.m2\repository\io\netty\netty-buffer\4.1.70.Final\netty-buffer-4.1.70.Final.jar;C:\Users\PawanKumar\.m2\repository\io\netty\netty-resolver\4.1.70.Final\netty-resolver-4.1.70.Final.jar;C:\Users\PawanKumar\.m2\repository\io\netty\netty-codec-http2\4.1.70.Final\netty-codec-http2-4.1.70.Final.jar;C:\Users\PawanKumar\.m2\repository\io\netty\netty-codec\4.1.70.Final\netty-codec-4.1.70.Final.jar;C:\Users\PawanKumar\.m2\repository\io\netty\netty-handler\4.1.70.Final\netty-handler-4.1.70.Final.jar;C:\Users\PawanKumar\.m2\repository\io\netty\netty-codec-http\4.1.70.Final\netty-codec-http-4.1.70.Final.jar;C:\Users\PawanKumar\.m2\repository\io\netty\netty-codec-haproxy\4.1.70.Final\netty-codec-haproxy-4.1.70.Final.jar;C:\Users\PawanKumar\.m2\repository\io\netty\netty-resolver-dns\4.1.70.Final\netty-resolver-dns-4.1.70.Final.jar;C:\Users\PawanKumar\.m2\repository\io\netty\netty-codec-dns\4.1.70.Final\netty-codec-dns-4.1.70.Final.jar;C:\Users\PawanKumar\.m2\repository\org\reactivestreams\reactive-streams\1.0.3\reactive-streams-1.0.3.jar;C:\Users\PawanKumar\.m2\repository\com\google\code\findbugs\jsr305\3.0.2\jsr305-3.0.2.jar;C:\Users\PawanKumar\.m2\repository\io\netty\netty-resolver-dns-native-macos\4.1.70.Final\netty-resolver-dns-native-macos-4.1.70.Final-osx-x86_64.jar;C:\Users\PawanKumar\.m2\repository\io\netty\netty-resolver-dns-classes-macos\4.1.70.Final\netty-resolver-dns-classes-macos-4.1.70.Final.jar;C:\Users\PawanKumar\.m2\repository\io\netty\netty-transport-native-unix-common\4.1.70.Final\netty-transport-native-unix-common-4.1.70.Final-linux-x86_64.jar;C:\Users\PawanKumar\.m2\repository\io\netty\netty-transport-native-epoll\4.1.70.Final\netty-transport-native-epoll-4.1.70.Final-linux-x86_64.jar;C:\Users\PawanKumar\.m2\repository\io\netty\netty-transport-native-unix-common\4.1.70.Final\netty-transport-native-unix-common-4.1.70.Final.jar;C:\Users\PawanKumar\.m2\repository\io\netty\netty-transport-classes-epoll\4.1.70.Final\netty-transport-classes-epoll-4.1.70.Final.jar;C:\Users\PawanKumar\.m2\repository\io\netty\netty-tcnative-boringssl-static\2.0.44.Final\netty-tcnative-boringssl-static-2.0.44.Final.jar;C:\Users\PawanKumar\.m2\repository\io\netty\netty-handler-proxy\4.1.70.Final\netty-handler-proxy-4.1.70.Final.jar;C:\Users\PawanKumar\.m2\repository\io\netty\netty-codec-socks\4.1.70.Final\netty-codec-socks-4.1.70.Final.jar;C:\Users\PawanKumar\.m2\repository\com\aayushatharva\brotli4j\brotli4j\1.6.0\brotli4j-1.6.0.jar;C:\Users\PawanKumar\.m2\repository\com\aayushatharva\brotli4j\native-windows-x86_64\1.6.0\native-windows-x86_64-1.6.0.jar;C:\Users\PawanKumar\.m2\repository\org\apache\httpcomponents\httpclient\4.5.13\httpclient-4.5.13.jar;C:\Users\PawanKumar\.m2\repository\org\apache\httpcomponents\httpcore\4.4.13\httpcore-4.4.13.jar;C:\Users\PawanKumar\.m2\repository\commons-codec\commons-codec\1.11\commons-codec-1.11.jar;C:\Users\PawanKumar\.m2\repository\ch\qos\logback\logback-classic\1.2.9\logback-classic-1.2.9.jar;C:\Users\PawanKumar\.m2\repository\ch\qos\logback\logback-core\1.2.9\logback-core-1.2.9.jar;C:\Users\PawanKumar\.m2\repository\org\slf4j\jcl-over-slf4j\1.7.32\jcl-over-slf4j-1.7.32.jar;C:\Users\PawanKumar\.m2\repository\org\antlr\antlr4-runtime\4.9.2\antlr4-runtime-4.9.2.jar;C:\Users\PawanKumar\.m2\repository\com\jayway\jsonpath\json-path\2.7.0\json-path-2.7.0.jar;C:\Users\PawanKumar\.m2\repository\net\minidev\json-smart\2.4.7\json-smart-2.4.7.jar;C:\Users\PawanKumar\.m2\repository\net\minidev\accessors-smart\2.4.7\accessors-smart-2.4.7.jar;C:\Users\PawanKumar\.m2\repository\org\ow2\asm\asm\9.1\asm-9.1.jar;C:\Users\PawanKumar\.m2\repository\info\cukes\cucumber-java\1.2.5\cucumber-java-1.2.5.jar;C:\Users\PawanKumar\.m2\repository\info\cukes\cucumber-core\1.2.5\cucumber-core-1.2.5.jar;C:\Users\PawanKumar\.m2\repository\org\yaml\snakeyaml\1.29\snakeyaml-1.29.jar;C:\Users\PawanKumar\.m2\repository\de\siegmar\fastcsv\2.0.0\fastcsv-2.0.0.jar;C:\Users\PawanKumar\.m2\repository\info\picocli\picocli\4.6.1\picocli-4.6.1.jar;C:\Users\PawanKumar\.m2\repository\io\github\classgraph\classgraph\4.8.108\classgraph-4.8.108.jar;C:\Users\PawanKumar\.m2\repository\net\masterthought\cucumber-reporting\5.3.1\cucumber-reporting-5.3.1.jar;C:\Users\PawanKumar\.m2\repository\com\fasterxml\jackson\core\jackson-databind\2.10.1\jackson-databind-2.10.1.jar;C:\Users\PawanKumar\.m2\repository\com\fasterxml\jackson\datatype\jackson-datatype-jsr310\2.10.1\jackson-datatype-jsr310-2.10.1.jar;C:\Users\PawanKumar\.m2\repository\org\apache\velocity\velocity-engine-core\2.1\velocity-engine-core-2.1.jar;C:\Users\PawanKumar\.m2\repository\commons-collections\commons-collections\3.2.2\commons-collections-3.2.2.jar;C:\Users\PawanKumar\.m2\repository\joda-time\joda-time\2.10.5\joda-time-2.10.5.jar;C:\Users\PawanKumar\.m2\repository\org\apache\commons\commons-lang3\3.9\commons-lang3-3.9.jar;C:\Users\PawanKumar\.m2\repository\commons-io\commons-io\2.6\commons-io-2.6.jar;C:\Users\PawanKumar\.m2\repository\org\codehaus\plexus\plexus-utils\3.3.0\plexus-utils-3.3.0.jar;C:\Users\PawanKumar\.m2\repository\org\jsoup\jsoup\1.12.1\jsoup-1.12.1.jar;C:\Users\PawanKumar\.m2\repository\com\googlecode\owasp-java-html-sanitizer\owasp-java-html-sanitizer\20191001.1\owasp-java-html-sanitizer-20191001.1.jar;C:\Users\PawanKumar\.m2\repository\com\google\guava\guava\27.1-jre\guava-27.1-jre.jar;C:\Users\PawanKumar\.m2\repository\com\google\guava\failureaccess\1.0.1\failureaccess-1.0.1.jar;C:\Users\PawanKumar\.m2\repository\com\google\guava\listenablefuture\9999.0-empty-to-avoid-conflict-with-guava\listenablefuture-9999.0-empty-to-avoid-conflict-with-guava.jar;C:\Users\PawanKumar\.m2\repository\org\checkerframework\checker-qual\2.5.2\checker-qual-2.5.2.jar;C:\Users\PawanKumar\.m2\repository\com\google\errorprone\error_prone_annotations\2.2.0\error_prone_annotations-2.2.0.jar;C:\Users\PawanKumar\.m2\repository\com\google\j2objc\j2objc-annotations\1.1\j2objc-annotations-1.1.jar;C:\Users\PawanKumar\.m2\repository\org\codehaus\mojo\animal-sniffer-annotations\1.17\animal-sniffer-annotations-1.17.jar;C:\Users\PawanKumar\.m2\repository\commons-configuration\commons-configuration\1.10\commons-configuration-1.10.jar;C:\Users\PawanKumar\.m2\repository\commons-lang\commons-lang\2.6\commons-lang-2.6.jar;C:\Users\PawanKumar\.m2\repository\commons-logging\commons-logging\1.1.1\commons-logging-1.1.1.jar;C:\Users\PawanKumar\.m2\repository\net\datafaker\datafaker\1.9.0\datafaker-1.9.0.jar;C:\Users\PawanKumar\.m2\repository\com\github\mifmif\generex\1.0.2\generex-1.0.2.jar;C:\Users\PawanKumar\.m2\repository\dk\brics\automaton\automaton\1.11-8\automaton-1.11-8.jar;"/>
    <property name="sun.cpu.endian" value="little"/>
    <property name="user.home" value="C:\Users\PawanKumar"/>
    <property name="user.language" value="en"/>
    <property name="java.specification.vendor" value="Oracle Corporation"/>
    <property name="java.version.date" value="2022-10-18"/>
    <property name="java.home" value="C:\Program Files\Java\jdk-11.0.17"/>
    <property name="file.separator" value="\"/>
    <property name="basedir" value="C:\Users\PawanKumar\KarateAutomation\BenchMarkFramework"/>
    <property name="java.vm.compressedOopsMode" value="Zero based"/>
    <property name="line.separator" value="&#10;"/>
    <property name="java.specification.name" value="Java Platform API Specification"/>
    <property name="java.vm.specification.vendor" value="Oracle Corporation"/>
    <property name="java.awt.graphicsenv" value="sun.awt.Win32GraphicsEnvironment"/>
    <property name="karate.options" value="--tags @Test5"/>
    <property name="surefire.real.class.path" value="C:\Users\PAWANK~1\AppData\Local\Temp\surefire15774246164743381724\surefirebooter207717995902758894.jar"/>
    <property name="user.script" value=""/>
    <property name="sun.management.compiler" value="HotSpot 64-Bit Tiered Compilers"/>
    <property name="java.runtime.version" value="11.0.17+10-LTS-269"/>
    <property name="user.name" value="PawanKumar"/>
    <property name="path.separator" value=";"/>
    <property name="os.version" value="10.0"/>
    <property name="java.runtime.name" value="Java(TM) SE Runtime Environment"/>
    <property name="file.encoding" value="UTF-8"/>
    <property name="java.vm.name" value="Java HotSpot(TM) 64-Bit Server VM"/>
    <property name="java.vendor.version" value="18.9"/>
    <property name="localRepository" value="C:\Users\PawanKumar\.m2\repository"/>
    <property name="java.vendor.url.bug" value="https://bugreport.java.com/bugreport/"/>
    <property name="java.io.tmpdir" value="C:\Users\PAWANK~1\AppData\Local\Temp\"/>
    <property name="java.version" value="11.0.17"/>
    <property name="user.dir" value="C:\Users\PawanKumar\KarateAutomation\BenchMarkFramework"/>
    <property name="os.arch" value="amd64"/>
    <property name="java.vm.specification.name" value="Java Virtual Machine Specification"/>
    <property name="java.awt.printerjob" value="sun.awt.windows.WPrinterJob"/>
    <property name="sun.os.patch.level" value=""/>
    <property name="java.library.path" value="C:\Program Files\Java\jdk-11.0.17\bin;C:\Windows\Sun\Java\bin;C:\Windows\system32;C:\Windows;C:\Program Files\Common Files\Oracle\Java\javapath;C:\Windows\system32;C:\Windows;C:\Windows\System32\Wbem;C:\Windows\System32\WindowsPowerShell\v1.0\;C:\Windows\System32\OpenSSH\;C:\Program Files\TortoiseSVN\bin;C:\Program Files\dotnet\;C:\Program Files\Java\jdk-11.0.17\bin;C:\softwares\apache-maven-3.8.8\bin;C:\Program Files\Git\cmd;C:\Users\PawanKumar\AppData\Local\Microsoft\WindowsApps;;C:\Users\PawanKumar\AppData\Local\Programs\Microsoft VS Code\bin;."/>
    <property name="java.vendor" value="Oracle Corporation"/>
    <property name="java.vm.info" value="mixed mode"/>
    <property name="java.vm.version" value="11.0.17+10-LTS-269"/>
    <property name="sun.io.unicode.encoding" value="UnicodeLittle"/>
    <property name="java.class.version" value="55.0"/>
  </properties>
  <testcase name="testParallel" classname="BenchmarkEducation.BenchmarkEducationTest" time="138.656">
    <failure message="js failed:&#10;&gt;&gt;&gt;&gt;&#10;01: retry(NoOfRetry).waitForText(&quot;//h3[text()=&apos;Whole Group Teacher Resources&apos;]&quot;,&apos;Whole Group Teacher Resources&apos;)&#10;&lt;&lt;&lt;&lt;&#10;org.graalvm.polyglot.PolyglotException: waitUntil (js): failed after 10 retries and 63286 milliseconds&#10;- com.intuit.karate.driver.DriverOptions.retry(DriverOptions.java:517)&#10;- com.intuit.karate.driver.DevToolsDriver.waitUntil(DevToolsDriver.java:765)&#10;- com.intuit.karate.driver.DriverOptions.waitUntil(DriverOptions.java:674)&#10;- com.intuit.karate.driver.Driver.waitUntil(Driver.java:283)&#10;- com.intuit.karate.driver.Driver.waitForText(Driver.java:247)&#10;- &lt;js&gt;.:program(Unnamed:1)&#10;&#10;classpath:BenchmarkEducation/FeatureFiles/BenchmarkUniverse.feature:107 ==&gt; expected: &lt;0&gt; but was: &lt;1&gt;" type="org.opentest4j.AssertionFailedError"><![CDATA[org.opentest4j.AssertionFailedError: 
js failed:
>>>>
01: retry(NoOfRetry).waitForText("//h3[text()='Whole Group Teacher Resources']",'Whole Group Teacher Resources')
<<<<
org.graalvm.polyglot.PolyglotException: waitUntil (js): failed after 10 retries and 63286 milliseconds
- com.intuit.karate.driver.DriverOptions.retry(DriverOptions.java:517)
- com.intuit.karate.driver.DevToolsDriver.waitUntil(DevToolsDriver.java:765)
- com.intuit.karate.driver.DriverOptions.waitUntil(DriverOptions.java:674)
- com.intuit.karate.driver.Driver.waitUntil(Driver.java:283)
- com.intuit.karate.driver.Driver.waitForText(Driver.java:247)
- <js>.:program(Unnamed:1)

classpath:BenchmarkEducation/FeatureFiles/BenchmarkUniverse.feature:107 ==> expected: <0> but was: <1>
	at BenchmarkEducation.BenchmarkEducationTest.testParallel(BenchmarkEducationTest.java:27)
]]></failure>
    <system-out><![CDATA[17:13:42.703 [main] INFO  com.intuit.karate.Runner - using system property 'karate.options': --tags @Test5
17:13:44.982 [main] INFO  com.intuit.karate - karate.env system property was: null 
17:13:50.550 [main] INFO  c.intuit.karate.core.FeatureRuntime - classpath:BenchmarkEducation/FeatureFiles/ReUsable.feature - call by tag at line 12: SignIn
17:13:50.706 [nioEventLoopGroup-2-1] WARN  c.i.k.driver.chrome_1723722225062 - devtools error: [id: 9, sessionId: E252FD6883485DC4684230D5A03A2216, result: [type: MAP, value: {type=object, subtype=error, className=TypeError, description=TypeError: Cannot read properties of null (reading 'textContent')
    at fun (<anonymous>:1:46)
    at <anonymous>:1:186
    at <anonymous>:1:195, objectId=-8140358101856018013.1.1}]]
17:13:50.709 [main] WARN  c.i.k.driver.chrome_1723722225062 - js eval failed once:(function(){ var fun = function(_){ return _.textContent.includes('Sign in') }; var e = document.evaluate("//h2[@id='sign-in-header']", document, null, 9, null).singleNodeValue; return fun(e) })(), error: [type: MAP, value: {type=object, subtype=error, className=TypeError, description=TypeError: Cannot read properties of null (reading 'textContent')
    at fun (<anonymous>:1:46)
    at <anonymous>:1:186
    at <anonymous>:1:195, objectId=-8140358101856018013.1.1}]
17:13:55.624 [nioEventLoopGroup-2-1] WARN  c.i.k.driver.chrome_1723722225062 - devtools error: [id: 73, sessionId: E252FD6883485DC4684230D5A03A2216, result: [type: MAP, value: {type=object, subtype=error, className=TypeError, description=TypeError: Cannot read properties of null (reading 'textContent')
    at fun (<anonymous>:1:46)
    at <anonymous>:1:208
    at <anonymous>:1:217, objectId=-8140358101856018013.1.3}]]
17:13:55.624 [main] WARN  c.i.k.driver.chrome_1723722225062 - js eval failed once:(function(){ var fun = function(_){ return _.textContent.includes('Curriculum Resources') }; var e = document.evaluate("//h3[text()='Curriculum Resources']", document, null, 9, null).singleNodeValue; return fun(e) })(), error: [type: MAP, value: {type=object, subtype=error, className=TypeError, description=TypeError: Cannot read properties of null (reading 'textContent')
    at fun (<anonymous>:1:46)
    at <anonymous>:1:208
    at <anonymous>:1:217, objectId=-8140358101856018013.1.3}]
17:13:58.637 [nioEventLoopGroup-2-1] WARN  c.i.k.driver.chrome_1723722225062 - devtools error: [id: 74, sessionId: E252FD6883485DC4684230D5A03A2216, result: [type: MAP, value: {type=object, subtype=error, className=TypeError, description=TypeError: Cannot read properties of null (reading 'textContent')
    at fun (<anonymous>:1:46)
    at <anonymous>:1:208
    at <anonymous>:1:217, objectId=-8140358101856018013.1.5}]]
17:13:58.638 [main] ERROR c.i.k.driver.chrome_1723722225062 - js eval failed twice:(function(){ var fun = function(_){ return _.textContent.includes('Curriculum Resources') }; var e = document.evaluate("//h3[text()='Curriculum Resources']", document, null, 9, null).singleNodeValue; return fun(e) })(), error: [type: MAP, value: {type=object, subtype=error, className=TypeError, description=TypeError: Cannot read properties of null (reading 'textContent')
    at fun (<anonymous>:1:46)
    at <anonymous>:1:208
    at <anonymous>:1:217, objectId=-8140358101856018013.1.5}]
17:13:58.638 [main] WARN  c.i.k.driver.chrome_1723722225062 - waitUntil evaluate failed: js eval failed twice:(function(){ var fun = function(_){ return _.textContent.includes('Curriculum Resources') }; var e = document.evaluate("//h3[text()='Curriculum Resources']", document, null, 9, null).singleNodeValue; return fun(e) })(), error: [type: MAP, value: {type=object, subtype=error, className=TypeError, description=TypeError: Cannot read properties of null (reading 'textContent')
    at fun (<anonymous>:1:46)
    at <anonymous>:1:208
    at <anonymous>:1:217, objectId=-8140358101856018013.1.5}]
17:14:01.647 [nioEventLoopGroup-2-1] WARN  c.i.k.driver.chrome_1723722225062 - devtools error: [id: 75, sessionId: E252FD6883485DC4684230D5A03A2216, result: [type: MAP, value: {type=object, subtype=error, className=TypeError, description=TypeError: Cannot read properties of null (reading 'textContent')
    at fun (<anonymous>:1:46)
    at <anonymous>:1:208
    at <anonymous>:1:217, objectId=-8140358101856018013.1.7}]]
17:14:01.649 [main] WARN  c.i.k.driver.chrome_1723722225062 - js eval failed once:(function(){ var fun = function(_){ return _.textContent.includes('Curriculum Resources') }; var e = document.evaluate("//h3[text()='Curriculum Resources']", document, null, 9, null).singleNodeValue; return fun(e) })(), error: [type: MAP, value: {type=object, subtype=error, className=TypeError, description=TypeError: Cannot read properties of null (reading 'textContent')
    at fun (<anonymous>:1:46)
    at <anonymous>:1:208
    at <anonymous>:1:217, objectId=-8140358101856018013.1.7}]
17:14:04.652 [nioEventLoopGroup-2-1] WARN  c.i.k.driver.chrome_1723722225062 - devtools error: [id: 76, sessionId: E252FD6883485DC4684230D5A03A2216, result: [type: MAP, value: {type=object, subtype=error, className=TypeError, description=TypeError: Cannot read properties of null (reading 'textContent')
    at fun (<anonymous>:1:46)
    at <anonymous>:1:208
    at <anonymous>:1:217, objectId=-8140358101856018013.1.9}]]
17:14:04.652 [main] ERROR c.i.k.driver.chrome_1723722225062 - js eval failed twice:(function(){ var fun = function(_){ return _.textContent.includes('Curriculum Resources') }; var e = document.evaluate("//h3[text()='Curriculum Resources']", document, null, 9, null).singleNodeValue; return fun(e) })(), error: [type: MAP, value: {type=object, subtype=error, className=TypeError, description=TypeError: Cannot read properties of null (reading 'textContent')
    at fun (<anonymous>:1:46)
    at <anonymous>:1:208
    at <anonymous>:1:217, objectId=-8140358101856018013.1.9}]
17:14:04.653 [main] WARN  c.i.k.driver.chrome_1723722225062 - waitUntil evaluate failed: js eval failed twice:(function(){ var fun = function(_){ return _.textContent.includes('Curriculum Resources') }; var e = document.evaluate("//h3[text()='Curriculum Resources']", document, null, 9, null).singleNodeValue; return fun(e) })(), error: [type: MAP, value: {type=object, subtype=error, className=TypeError, description=TypeError: Cannot read properties of null (reading 'textContent')
    at fun (<anonymous>:1:46)
    at <anonymous>:1:208
    at <anonymous>:1:217, objectId=-8140358101856018013.1.9}]
17:14:07.664 [nioEventLoopGroup-2-1] WARN  c.i.k.driver.chrome_1723722225062 - devtools error: [id: 77, sessionId: E252FD6883485DC4684230D5A03A2216, result: [type: MAP, value: {type=object, subtype=error, className=TypeError, description=TypeError: Cannot read properties of null (reading 'textContent')
    at fun (<anonymous>:1:46)
    at <anonymous>:1:208
    at <anonymous>:1:217, objectId=-8140358101856018013.1.11}]]
17:14:07.664 [main] WARN  c.i.k.driver.chrome_1723722225062 - js eval failed once:(function(){ var fun = function(_){ return _.textContent.includes('Curriculum Resources') }; var e = document.evaluate("//h3[text()='Curriculum Resources']", document, null, 9, null).singleNodeValue; return fun(e) })(), error: [type: MAP, value: {type=object, subtype=error, className=TypeError, description=TypeError: Cannot read properties of null (reading 'textContent')
    at fun (<anonymous>:1:46)
    at <anonymous>:1:208
    at <anonymous>:1:217, objectId=-8140358101856018013.1.11}]
17:14:10.674 [nioEventLoopGroup-2-1] WARN  c.i.k.driver.chrome_1723722225062 - devtools error: [id: 78, sessionId: E252FD6883485DC4684230D5A03A2216, result: [type: MAP, value: {type=object, subtype=error, className=TypeError, description=TypeError: Cannot read properties of null (reading 'textContent')
    at fun (<anonymous>:1:46)
    at <anonymous>:1:208
    at <anonymous>:1:217, objectId=-8140358101856018013.1.13}]]
17:14:10.675 [main] ERROR c.i.k.driver.chrome_1723722225062 - js eval failed twice:(function(){ var fun = function(_){ return _.textContent.includes('Curriculum Resources') }; var e = document.evaluate("//h3[text()='Curriculum Resources']", document, null, 9, null).singleNodeValue; return fun(e) })(), error: [type: MAP, value: {type=object, subtype=error, className=TypeError, description=TypeError: Cannot read properties of null (reading 'textContent')
    at fun (<anonymous>:1:46)
    at <anonymous>:1:208
    at <anonymous>:1:217, objectId=-8140358101856018013.1.13}]
17:14:10.676 [main] WARN  c.i.k.driver.chrome_1723722225062 - waitUntil evaluate failed: js eval failed twice:(function(){ var fun = function(_){ return _.textContent.includes('Curriculum Resources') }; var e = document.evaluate("//h3[text()='Curriculum Resources']", document, null, 9, null).singleNodeValue; return fun(e) })(), error: [type: MAP, value: {type=object, subtype=error, className=TypeError, description=TypeError: Cannot read properties of null (reading 'textContent')
    at fun (<anonymous>:1:46)
    at <anonymous>:1:208
    at <anonymous>:1:217, objectId=-8140358101856018013.1.13}]
17:14:13.684 [nioEventLoopGroup-2-1] WARN  c.i.k.driver.chrome_1723722225062 - devtools error: [id: 79, sessionId: E252FD6883485DC4684230D5A03A2216, result: [type: MAP, value: {type=object, subtype=error, className=TypeError, description=TypeError: Cannot read properties of null (reading 'textContent')
    at fun (<anonymous>:1:46)
    at <anonymous>:1:208
    at <anonymous>:1:217, objectId=-8140358101856018013.1.15}]]
17:14:13.685 [main] WARN  c.i.k.driver.chrome_1723722225062 - js eval failed once:(function(){ var fun = function(_){ return _.textContent.includes('Curriculum Resources') }; var e = document.evaluate("//h3[text()='Curriculum Resources']", document, null, 9, null).singleNodeValue; return fun(e) })(), error: [type: MAP, value: {type=object, subtype=error, className=TypeError, description=TypeError: Cannot read properties of null (reading 'textContent')
    at fun (<anonymous>:1:46)
    at <anonymous>:1:208
    at <anonymous>:1:217, objectId=-8140358101856018013.1.15}]
17:14:16.693 [nioEventLoopGroup-2-1] WARN  c.i.k.driver.chrome_1723722225062 - devtools error: [id: 80, sessionId: E252FD6883485DC4684230D5A03A2216, result: [type: MAP, value: {type=object, subtype=error, className=TypeError, description=TypeError: Cannot read properties of null (reading 'textContent')
    at fun (<anonymous>:1:46)
    at <anonymous>:1:208
    at <anonymous>:1:217, objectId=-8140358101856018013.1.17}]]
17:14:16.694 [main] ERROR c.i.k.driver.chrome_1723722225062 - js eval failed twice:(function(){ var fun = function(_){ return _.textContent.includes('Curriculum Resources') }; var e = document.evaluate("//h3[text()='Curriculum Resources']", document, null, 9, null).singleNodeValue; return fun(e) })(), error: [type: MAP, value: {type=object, subtype=error, className=TypeError, description=TypeError: Cannot read properties of null (reading 'textContent')
    at fun (<anonymous>:1:46)
    at <anonymous>:1:208
    at <anonymous>:1:217, objectId=-8140358101856018013.1.17}]
17:14:16.694 [main] WARN  c.i.k.driver.chrome_1723722225062 - waitUntil evaluate failed: js eval failed twice:(function(){ var fun = function(_){ return _.textContent.includes('Curriculum Resources') }; var e = document.evaluate("//h3[text()='Curriculum Resources']", document, null, 9, null).singleNodeValue; return fun(e) })(), error: [type: MAP, value: {type=object, subtype=error, className=TypeError, description=TypeError: Cannot read properties of null (reading 'textContent')
    at fun (<anonymous>:1:46)
    at <anonymous>:1:208
    at <anonymous>:1:217, objectId=-8140358101856018013.1.17}]
17:14:19.703 [nioEventLoopGroup-2-1] WARN  c.i.k.driver.chrome_1723722225062 - devtools error: [id: 81, sessionId: E252FD6883485DC4684230D5A03A2216, result: [type: MAP, value: {type=object, subtype=error, className=TypeError, description=TypeError: Cannot read properties of null (reading 'textContent')
    at fun (<anonymous>:1:46)
    at <anonymous>:1:208
    at <anonymous>:1:217, objectId=-8140358101856018013.1.19}]]
17:14:19.704 [main] WARN  c.i.k.driver.chrome_1723722225062 - js eval failed once:(function(){ var fun = function(_){ return _.textContent.includes('Curriculum Resources') }; var e = document.evaluate("//h3[text()='Curriculum Resources']", document, null, 9, null).singleNodeValue; return fun(e) })(), error: [type: MAP, value: {type=object, subtype=error, className=TypeError, description=TypeError: Cannot read properties of null (reading 'textContent')
    at fun (<anonymous>:1:46)
    at <anonymous>:1:208
    at <anonymous>:1:217, objectId=-8140358101856018013.1.19}]
17:14:22.721 [nioEventLoopGroup-2-1] WARN  c.i.k.driver.chrome_1723722225062 - devtools error: [id: 82, sessionId: E252FD6883485DC4684230D5A03A2216, result: [type: MAP, value: {type=object, subtype=error, className=TypeError, description=TypeError: Cannot read properties of null (reading 'textContent')
    at fun (<anonymous>:1:46)
    at <anonymous>:1:208
    at <anonymous>:1:217, objectId=-8140358101856018013.1.21}]]
17:14:22.722 [main] ERROR c.i.k.driver.chrome_1723722225062 - js eval failed twice:(function(){ var fun = function(_){ return _.textContent.includes('Curriculum Resources') }; var e = document.evaluate("//h3[text()='Curriculum Resources']", document, null, 9, null).singleNodeValue; return fun(e) })(), error: [type: MAP, value: {type=object, subtype=error, className=TypeError, description=TypeError: Cannot read properties of null (reading 'textContent')
    at fun (<anonymous>:1:46)
    at <anonymous>:1:208
    at <anonymous>:1:217, objectId=-8140358101856018013.1.21}]
17:14:22.722 [main] WARN  c.i.k.driver.chrome_1723722225062 - waitUntil evaluate failed: js eval failed twice:(function(){ var fun = function(_){ return _.textContent.includes('Curriculum Resources') }; var e = document.evaluate("//h3[text()='Curriculum Resources']", document, null, 9, null).singleNodeValue; return fun(e) })(), error: [type: MAP, value: {type=object, subtype=error, className=TypeError, description=TypeError: Cannot read properties of null (reading 'textContent')
    at fun (<anonymous>:1:46)
    at <anonymous>:1:208
    at <anonymous>:1:217, objectId=-8140358101856018013.1.21}]
17:14:25.749 [nioEventLoopGroup-2-1] WARN  c.i.k.driver.chrome_1723722225062 - devtools error: [id: 86, sessionId: E252FD6883485DC4684230D5A03A2216, result: [type: MAP, value: {type=object, subtype=error, className=TypeError, description=TypeError: Cannot read properties of null (reading 'textContent')
    at fun (<anonymous>:1:46)
    at <anonymous>:1:226
    at <anonymous>:1:235, objectId=-8140358101856018013.1.23}]]
17:14:25.751 [main] WARN  c.i.k.driver.chrome_1723722225062 - js eval failed once:(function(){ var fun = function(_){ return _.textContent.includes('Whole Group Teacher Resources') }; var e = document.evaluate("//h3[text()='Whole Group Teacher Resources']", document, null, 9, null).singleNodeValue; return fun(e) })(), error: [type: MAP, value: {type=object, subtype=error, className=TypeError, description=TypeError: Cannot read properties of null (reading 'textContent')
    at fun (<anonymous>:1:46)
    at <anonymous>:1:226
    at <anonymous>:1:235, objectId=-8140358101856018013.1.23}]
17:14:28.759 [nioEventLoopGroup-2-1] WARN  c.i.k.driver.chrome_1723722225062 - devtools error: [id: 87, sessionId: E252FD6883485DC4684230D5A03A2216, result: [type: MAP, value: {type=object, subtype=error, className=TypeError, description=TypeError: Cannot read properties of null (reading 'textContent')
    at fun (<anonymous>:1:46)
    at <anonymous>:1:226
    at <anonymous>:1:235, objectId=-8140358101856018013.1.25}]]
17:14:28.760 [main] ERROR c.i.k.driver.chrome_1723722225062 - js eval failed twice:(function(){ var fun = function(_){ return _.textContent.includes('Whole Group Teacher Resources') }; var e = document.evaluate("//h3[text()='Whole Group Teacher Resources']", document, null, 9, null).singleNodeValue; return fun(e) })(), error: [type: MAP, value: {type=object, subtype=error, className=TypeError, description=TypeError: Cannot read properties of null (reading 'textContent')
    at fun (<anonymous>:1:46)
    at <anonymous>:1:226
    at <anonymous>:1:235, objectId=-8140358101856018013.1.25}]
17:14:28.760 [main] WARN  c.i.k.driver.chrome_1723722225062 - waitUntil evaluate failed: js eval failed twice:(function(){ var fun = function(_){ return _.textContent.includes('Whole Group Teacher Resources') }; var e = document.evaluate("//h3[text()='Whole Group Teacher Resources']", document, null, 9, null).singleNodeValue; return fun(e) })(), error: [type: MAP, value: {type=object, subtype=error, className=TypeError, description=TypeError: Cannot read properties of null (reading 'textContent')
    at fun (<anonymous>:1:46)
    at <anonymous>:1:226
    at <anonymous>:1:235, objectId=-8140358101856018013.1.25}]
17:14:31.767 [nioEventLoopGroup-2-1] WARN  c.i.k.driver.chrome_1723722225062 - devtools error: [id: 88, sessionId: E252FD6883485DC4684230D5A03A2216, result: [type: MAP, value: {type=object, subtype=error, className=TypeError, description=TypeError: Cannot read properties of null (reading 'textContent')
    at fun (<anonymous>:1:46)
    at <anonymous>:1:226
    at <anonymous>:1:235, objectId=-8140358101856018013.1.27}]]
17:14:31.767 [main] WARN  c.i.k.driver.chrome_1723722225062 - js eval failed once:(function(){ var fun = function(_){ return _.textContent.includes('Whole Group Teacher Resources') }; var e = document.evaluate("//h3[text()='Whole Group Teacher Resources']", document, null, 9, null).singleNodeValue; return fun(e) })(), error: [type: MAP, value: {type=object, subtype=error, className=TypeError, description=TypeError: Cannot read properties of null (reading 'textContent')
    at fun (<anonymous>:1:46)
    at <anonymous>:1:226
    at <anonymous>:1:235, objectId=-8140358101856018013.1.27}]
17:14:34.779 [nioEventLoopGroup-2-1] WARN  c.i.k.driver.chrome_1723722225062 - devtools error: [id: 89, sessionId: E252FD6883485DC4684230D5A03A2216, result: [type: MAP, value: {type=object, subtype=error, className=TypeError, description=TypeError: Cannot read properties of null (reading 'textContent')
    at fun (<anonymous>:1:46)
    at <anonymous>:1:226
    at <anonymous>:1:235, objectId=-8140358101856018013.1.31}]]
17:14:34.780 [main] ERROR c.i.k.driver.chrome_1723722225062 - js eval failed twice:(function(){ var fun = function(_){ return _.textContent.includes('Whole Group Teacher Resources') }; var e = document.evaluate("//h3[text()='Whole Group Teacher Resources']", document, null, 9, null).singleNodeValue; return fun(e) })(), error: [type: MAP, value: {type=object, subtype=error, className=TypeError, description=TypeError: Cannot read properties of null (reading 'textContent')
    at fun (<anonymous>:1:46)
    at <anonymous>:1:226
    at <anonymous>:1:235, objectId=-8140358101856018013.1.31}]
17:14:34.780 [main] WARN  c.i.k.driver.chrome_1723722225062 - waitUntil evaluate failed: js eval failed twice:(function(){ var fun = function(_){ return _.textContent.includes('Whole Group Teacher Resources') }; var e = document.evaluate("//h3[text()='Whole Group Teacher Resources']", document, null, 9, null).singleNodeValue; return fun(e) })(), error: [type: MAP, value: {type=object, subtype=error, className=TypeError, description=TypeError: Cannot read properties of null (reading 'textContent')
    at fun (<anonymous>:1:46)
    at <anonymous>:1:226
    at <anonymous>:1:235, objectId=-8140358101856018013.1.31}]
17:14:37.796 [nioEventLoopGroup-2-1] WARN  c.i.k.driver.chrome_1723722225062 - devtools error: [id: 90, sessionId: E252FD6883485DC4684230D5A03A2216, result: [type: MAP, value: {type=object, subtype=error, className=TypeError, description=TypeError: Cannot read properties of null (reading 'textContent')
    at fun (<anonymous>:1:46)
    at <anonymous>:1:226
    at <anonymous>:1:235, objectId=-8140358101856018013.1.33}]]
17:14:37.797 [main] WARN  c.i.k.driver.chrome_1723722225062 - js eval failed once:(function(){ var fun = function(_){ return _.textContent.includes('Whole Group Teacher Resources') }; var e = document.evaluate("//h3[text()='Whole Group Teacher Resources']", document, null, 9, null).singleNodeValue; return fun(e) })(), error: [type: MAP, value: {type=object, subtype=error, className=TypeError, description=TypeError: Cannot read properties of null (reading 'textContent')
    at fun (<anonymous>:1:46)
    at <anonymous>:1:226
    at <anonymous>:1:235, objectId=-8140358101856018013.1.33}]
17:14:40.814 [nioEventLoopGroup-2-1] WARN  c.i.k.driver.chrome_1723722225062 - devtools error: [id: 91, sessionId: E252FD6883485DC4684230D5A03A2216, result: [type: MAP, value: {type=object, subtype=error, className=TypeError, description=TypeError: Cannot read properties of null (reading 'textContent')
    at fun (<anonymous>:1:46)
    at <anonymous>:1:226
    at <anonymous>:1:235, objectId=-8140358101856018013.1.35}]]
17:14:40.815 [main] ERROR c.i.k.driver.chrome_1723722225062 - js eval failed twice:(function(){ var fun = function(_){ return _.textContent.includes('Whole Group Teacher Resources') }; var e = document.evaluate("//h3[text()='Whole Group Teacher Resources']", document, null, 9, null).singleNodeValue; return fun(e) })(), error: [type: MAP, value: {type=object, subtype=error, className=TypeError, description=TypeError: Cannot read properties of null (reading 'textContent')
    at fun (<anonymous>:1:46)
    at <anonymous>:1:226
    at <anonymous>:1:235, objectId=-8140358101856018013.1.35}]
17:14:40.815 [main] WARN  c.i.k.driver.chrome_1723722225062 - waitUntil evaluate failed: js eval failed twice:(function(){ var fun = function(_){ return _.textContent.includes('Whole Group Teacher Resources') }; var e = document.evaluate("//h3[text()='Whole Group Teacher Resources']", document, null, 9, null).singleNodeValue; return fun(e) })(), error: [type: MAP, value: {type=object, subtype=error, className=TypeError, description=TypeError: Cannot read properties of null (reading 'textContent')
    at fun (<anonymous>:1:46)
    at <anonymous>:1:226
    at <anonymous>:1:235, objectId=-8140358101856018013.1.35}]
17:14:43.831 [nioEventLoopGroup-2-1] WARN  c.i.k.driver.chrome_1723722225062 - devtools error: [id: 92, sessionId: E252FD6883485DC4684230D5A03A2216, result: [type: MAP, value: {type=object, subtype=error, className=TypeError, description=TypeError: Cannot read properties of null (reading 'textContent')
    at fun (<anonymous>:1:46)
    at <anonymous>:1:226
    at <anonymous>:1:235, objectId=-8140358101856018013.1.37}]]
17:14:43.832 [main] WARN  c.i.k.driver.chrome_1723722225062 - js eval failed once:(function(){ var fun = function(_){ return _.textContent.includes('Whole Group Teacher Resources') }; var e = document.evaluate("//h3[text()='Whole Group Teacher Resources']", document, null, 9, null).singleNodeValue; return fun(e) })(), error: [type: MAP, value: {type=object, subtype=error, className=TypeError, description=TypeError: Cannot read properties of null (reading 'textContent')
    at fun (<anonymous>:1:46)
    at <anonymous>:1:226
    at <anonymous>:1:235, objectId=-8140358101856018013.1.37}]
17:14:46.840 [nioEventLoopGroup-2-1] WARN  c.i.k.driver.chrome_1723722225062 - devtools error: [id: 93, sessionId: E252FD6883485DC4684230D5A03A2216, result: [type: MAP, value: {type=object, subtype=error, className=TypeError, description=TypeError: Cannot read properties of null (reading 'textContent')
    at fun (<anonymous>:1:46)
    at <anonymous>:1:226
    at <anonymous>:1:235, objectId=-8140358101856018013.1.39}]]
17:14:46.840 [main] ERROR c.i.k.driver.chrome_1723722225062 - js eval failed twice:(function(){ var fun = function(_){ return _.textContent.includes('Whole Group Teacher Resources') }; var e = document.evaluate("//h3[text()='Whole Group Teacher Resources']", document, null, 9, null).singleNodeValue; return fun(e) })(), error: [type: MAP, value: {type=object, subtype=error, className=TypeError, description=TypeError: Cannot read properties of null (reading 'textContent')
    at fun (<anonymous>:1:46)
    at <anonymous>:1:226
    at <anonymous>:1:235, objectId=-8140358101856018013.1.39}]
17:14:46.841 [main] WARN  c.i.k.driver.chrome_1723722225062 - waitUntil evaluate failed: js eval failed twice:(function(){ var fun = function(_){ return _.textContent.includes('Whole Group Teacher Resources') }; var e = document.evaluate("//h3[text()='Whole Group Teacher Resources']", document, null, 9, null).singleNodeValue; return fun(e) })(), error: [type: MAP, value: {type=object, subtype=error, className=TypeError, description=TypeError: Cannot read properties of null (reading 'textContent')
    at fun (<anonymous>:1:46)
    at <anonymous>:1:226
    at <anonymous>:1:235, objectId=-8140358101856018013.1.39}]
17:14:49.855 [nioEventLoopGroup-2-1] WARN  c.i.k.driver.chrome_1723722225062 - devtools error: [id: 94, sessionId: E252FD6883485DC4684230D5A03A2216, result: [type: MAP, value: {type=object, subtype=error, className=TypeError, description=TypeError: Cannot read properties of null (reading 'textContent')
    at fun (<anonymous>:1:46)
    at <anonymous>:1:226
    at <anonymous>:1:235, objectId=-8140358101856018013.1.41}]]
17:14:49.855 [main] WARN  c.i.k.driver.chrome_1723722225062 - js eval failed once:(function(){ var fun = function(_){ return _.textContent.includes('Whole Group Teacher Resources') }; var e = document.evaluate("//h3[text()='Whole Group Teacher Resources']", document, null, 9, null).singleNodeValue; return fun(e) })(), error: [type: MAP, value: {type=object, subtype=error, className=TypeError, description=TypeError: Cannot read properties of null (reading 'textContent')
    at fun (<anonymous>:1:46)
    at <anonymous>:1:226
    at <anonymous>:1:235, objectId=-8140358101856018013.1.41}]
17:14:52.869 [nioEventLoopGroup-2-1] WARN  c.i.k.driver.chrome_1723722225062 - devtools error: [id: 95, sessionId: E252FD6883485DC4684230D5A03A2216, result: [type: MAP, value: {type=object, subtype=error, className=TypeError, description=TypeError: Cannot read properties of null (reading 'textContent')
    at fun (<anonymous>:1:46)
    at <anonymous>:1:226
    at <anonymous>:1:235, objectId=-8140358101856018013.1.43}]]
17:14:52.869 [main] ERROR c.i.k.driver.chrome_1723722225062 - js eval failed twice:(function(){ var fun = function(_){ return _.textContent.includes('Whole Group Teacher Resources') }; var e = document.evaluate("//h3[text()='Whole Group Teacher Resources']", document, null, 9, null).singleNodeValue; return fun(e) })(), error: [type: MAP, value: {type=object, subtype=error, className=TypeError, description=TypeError: Cannot read properties of null (reading 'textContent')
    at fun (<anonymous>:1:46)
    at <anonymous>:1:226
    at <anonymous>:1:235, objectId=-8140358101856018013.1.43}]
17:14:52.870 [main] WARN  c.i.k.driver.chrome_1723722225062 - waitUntil evaluate failed: js eval failed twice:(function(){ var fun = function(_){ return _.textContent.includes('Whole Group Teacher Resources') }; var e = document.evaluate("//h3[text()='Whole Group Teacher Resources']", document, null, 9, null).singleNodeValue; return fun(e) })(), error: [type: MAP, value: {type=object, subtype=error, className=TypeError, description=TypeError: Cannot read properties of null (reading 'textContent')
    at fun (<anonymous>:1:46)
    at <anonymous>:1:226
    at <anonymous>:1:235, objectId=-8140358101856018013.1.43}]
17:14:55.882 [nioEventLoopGroup-2-1] WARN  c.i.k.driver.chrome_1723722225062 - devtools error: [id: 96, sessionId: E252FD6883485DC4684230D5A03A2216, result: [type: MAP, value: {type=object, subtype=error, className=TypeError, description=TypeError: Cannot read properties of null (reading 'textContent')
    at fun (<anonymous>:1:46)
    at <anonymous>:1:226
    at <anonymous>:1:235, objectId=-8140358101856018013.1.45}]]
17:14:55.882 [main] WARN  c.i.k.driver.chrome_1723722225062 - js eval failed once:(function(){ var fun = function(_){ return _.textContent.includes('Whole Group Teacher Resources') }; var e = document.evaluate("//h3[text()='Whole Group Teacher Resources']", document, null, 9, null).singleNodeValue; return fun(e) })(), error: [type: MAP, value: {type=object, subtype=error, className=TypeError, description=TypeError: Cannot read properties of null (reading 'textContent')
    at fun (<anonymous>:1:46)
    at <anonymous>:1:226
    at <anonymous>:1:235, objectId=-8140358101856018013.1.45}]
17:14:58.888 [nioEventLoopGroup-2-1] WARN  c.i.k.driver.chrome_1723722225062 - devtools error: [id: 97, sessionId: E252FD6883485DC4684230D5A03A2216, result: [type: MAP, value: {type=object, subtype=error, className=TypeError, description=TypeError: Cannot read properties of null (reading 'textContent')
    at fun (<anonymous>:1:46)
    at <anonymous>:1:226
    at <anonymous>:1:235, objectId=-8140358101856018013.1.47}]]
17:14:58.888 [main] ERROR c.i.k.driver.chrome_1723722225062 - js eval failed twice:(function(){ var fun = function(_){ return _.textContent.includes('Whole Group Teacher Resources') }; var e = document.evaluate("//h3[text()='Whole Group Teacher Resources']", document, null, 9, null).singleNodeValue; return fun(e) })(), error: [type: MAP, value: {type=object, subtype=error, className=TypeError, description=TypeError: Cannot read properties of null (reading 'textContent')
    at fun (<anonymous>:1:46)
    at <anonymous>:1:226
    at <anonymous>:1:235, objectId=-8140358101856018013.1.47}]
17:14:58.889 [main] WARN  c.i.k.driver.chrome_1723722225062 - waitUntil evaluate failed: js eval failed twice:(function(){ var fun = function(_){ return _.textContent.includes('Whole Group Teacher Resources') }; var e = document.evaluate("//h3[text()='Whole Group Teacher Resources']", document, null, 9, null).singleNodeValue; return fun(e) })(), error: [type: MAP, value: {type=object, subtype=error, className=TypeError, description=TypeError: Cannot read properties of null (reading 'textContent')
    at fun (<anonymous>:1:46)
    at <anonymous>:1:226
    at <anonymous>:1:235, objectId=-8140358101856018013.1.47}]
17:15:01.900 [nioEventLoopGroup-2-1] WARN  c.i.k.driver.chrome_1723722225062 - devtools error: [id: 98, sessionId: E252FD6883485DC4684230D5A03A2216, result: [type: MAP, value: {type=object, subtype=error, className=TypeError, description=TypeError: Cannot read properties of null (reading 'textContent')
    at fun (<anonymous>:1:46)
    at <anonymous>:1:226
    at <anonymous>:1:235, objectId=-8140358101856018013.1.49}]]
17:15:01.900 [main] WARN  c.i.k.driver.chrome_1723722225062 - js eval failed once:(function(){ var fun = function(_){ return _.textContent.includes('Whole Group Teacher Resources') }; var e = document.evaluate("//h3[text()='Whole Group Teacher Resources']", document, null, 9, null).singleNodeValue; return fun(e) })(), error: [type: MAP, value: {type=object, subtype=error, className=TypeError, description=TypeError: Cannot read properties of null (reading 'textContent')
    at fun (<anonymous>:1:46)
    at <anonymous>:1:226
    at <anonymous>:1:235, objectId=-8140358101856018013.1.49}]
17:15:04.914 [nioEventLoopGroup-2-1] WARN  c.i.k.driver.chrome_1723722225062 - devtools error: [id: 99, sessionId: E252FD6883485DC4684230D5A03A2216, result: [type: MAP, value: {type=object, subtype=error, className=TypeError, description=TypeError: Cannot read properties of null (reading 'textContent')
    at fun (<anonymous>:1:46)
    at <anonymous>:1:226
    at <anonymous>:1:235, objectId=-8140358101856018013.1.51}]]
17:15:04.914 [main] ERROR c.i.k.driver.chrome_1723722225062 - js eval failed twice:(function(){ var fun = function(_){ return _.textContent.includes('Whole Group Teacher Resources') }; var e = document.evaluate("//h3[text()='Whole Group Teacher Resources']", document, null, 9, null).singleNodeValue; return fun(e) })(), error: [type: MAP, value: {type=object, subtype=error, className=TypeError, description=TypeError: Cannot read properties of null (reading 'textContent')
    at fun (<anonymous>:1:46)
    at <anonymous>:1:226
    at <anonymous>:1:235, objectId=-8140358101856018013.1.51}]
17:15:04.915 [main] WARN  c.i.k.driver.chrome_1723722225062 - waitUntil evaluate failed: js eval failed twice:(function(){ var fun = function(_){ return _.textContent.includes('Whole Group Teacher Resources') }; var e = document.evaluate("//h3[text()='Whole Group Teacher Resources']", document, null, 9, null).singleNodeValue; return fun(e) })(), error: [type: MAP, value: {type=object, subtype=error, className=TypeError, description=TypeError: Cannot read properties of null (reading 'textContent')
    at fun (<anonymous>:1:46)
    at <anonymous>:1:226
    at <anonymous>:1:235, objectId=-8140358101856018013.1.51}]
17:15:07.931 [nioEventLoopGroup-2-1] WARN  c.i.k.driver.chrome_1723722225062 - devtools error: [id: 100, sessionId: E252FD6883485DC4684230D5A03A2216, result: [type: MAP, value: {type=object, subtype=error, className=TypeError, description=TypeError: Cannot read properties of null (reading 'textContent')
    at fun (<anonymous>:1:46)
    at <anonymous>:1:226
    at <anonymous>:1:235, objectId=-8140358101856018013.1.53}]]
17:15:07.931 [main] WARN  c.i.k.driver.chrome_1723722225062 - js eval failed once:(function(){ var fun = function(_){ return _.textContent.includes('Whole Group Teacher Resources') }; var e = document.evaluate("//h3[text()='Whole Group Teacher Resources']", document, null, 9, null).singleNodeValue; return fun(e) })(), error: [type: MAP, value: {type=object, subtype=error, className=TypeError, description=TypeError: Cannot read properties of null (reading 'textContent')
    at fun (<anonymous>:1:46)
    at <anonymous>:1:226
    at <anonymous>:1:235, objectId=-8140358101856018013.1.53}]
17:15:10.945 [nioEventLoopGroup-2-1] WARN  c.i.k.driver.chrome_1723722225062 - devtools error: [id: 101, sessionId: E252FD6883485DC4684230D5A03A2216, result: [type: MAP, value: {type=object, subtype=error, className=TypeError, description=TypeError: Cannot read properties of null (reading 'textContent')
    at fun (<anonymous>:1:46)
    at <anonymous>:1:226
    at <anonymous>:1:235, objectId=-8140358101856018013.1.55}]]
17:15:10.945 [main] ERROR c.i.k.driver.chrome_1723722225062 - js eval failed twice:(function(){ var fun = function(_){ return _.textContent.includes('Whole Group Teacher Resources') }; var e = document.evaluate("//h3[text()='Whole Group Teacher Resources']", document, null, 9, null).singleNodeValue; return fun(e) })(), error: [type: MAP, value: {type=object, subtype=error, className=TypeError, description=TypeError: Cannot read properties of null (reading 'textContent')
    at fun (<anonymous>:1:46)
    at <anonymous>:1:226
    at <anonymous>:1:235, objectId=-8140358101856018013.1.55}]
17:15:10.946 [main] WARN  c.i.k.driver.chrome_1723722225062 - waitUntil evaluate failed: js eval failed twice:(function(){ var fun = function(_){ return _.textContent.includes('Whole Group Teacher Resources') }; var e = document.evaluate("//h3[text()='Whole Group Teacher Resources']", document, null, 9, null).singleNodeValue; return fun(e) })(), error: [type: MAP, value: {type=object, subtype=error, className=TypeError, description=TypeError: Cannot read properties of null (reading 'textContent')
    at fun (<anonymous>:1:46)
    at <anonymous>:1:226
    at <anonymous>:1:235, objectId=-8140358101856018013.1.55}]
17:15:13.964 [nioEventLoopGroup-2-1] WARN  c.i.k.driver.chrome_1723722225062 - devtools error: [id: 102, sessionId: E252FD6883485DC4684230D5A03A2216, result: [type: MAP, value: {type=object, subtype=error, className=TypeError, description=TypeError: Cannot read properties of null (reading 'textContent')
    at fun (<anonymous>:1:46)
    at <anonymous>:1:226
    at <anonymous>:1:235, objectId=-8140358101856018013.1.57}]]
17:15:13.965 [main] WARN  c.i.k.driver.chrome_1723722225062 - js eval failed once:(function(){ var fun = function(_){ return _.textContent.includes('Whole Group Teacher Resources') }; var e = document.evaluate("//h3[text()='Whole Group Teacher Resources']", document, null, 9, null).singleNodeValue; return fun(e) })(), error: [type: MAP, value: {type=object, subtype=error, className=TypeError, description=TypeError: Cannot read properties of null (reading 'textContent')
    at fun (<anonymous>:1:46)
    at <anonymous>:1:226
    at <anonymous>:1:235, objectId=-8140358101856018013.1.57}]
17:15:16.981 [nioEventLoopGroup-2-1] WARN  c.i.k.driver.chrome_1723722225062 - devtools error: [id: 103, sessionId: E252FD6883485DC4684230D5A03A2216, result: [type: MAP, value: {type=object, subtype=error, className=TypeError, description=TypeError: Cannot read properties of null (reading 'textContent')
    at fun (<anonymous>:1:46)
    at <anonymous>:1:226
    at <anonymous>:1:235, objectId=-8140358101856018013.1.59}]]
17:15:16.981 [main] ERROR c.i.k.driver.chrome_1723722225062 - js eval failed twice:(function(){ var fun = function(_){ return _.textContent.includes('Whole Group Teacher Resources') }; var e = document.evaluate("//h3[text()='Whole Group Teacher Resources']", document, null, 9, null).singleNodeValue; return fun(e) })(), error: [type: MAP, value: {type=object, subtype=error, className=TypeError, description=TypeError: Cannot read properties of null (reading 'textContent')
    at fun (<anonymous>:1:46)
    at <anonymous>:1:226
    at <anonymous>:1:235, objectId=-8140358101856018013.1.59}]
17:15:16.982 [main] WARN  c.i.k.driver.chrome_1723722225062 - waitUntil evaluate failed: js eval failed twice:(function(){ var fun = function(_){ return _.textContent.includes('Whole Group Teacher Resources') }; var e = document.evaluate("//h3[text()='Whole Group Teacher Resources']", document, null, 9, null).singleNodeValue; return fun(e) })(), error: [type: MAP, value: {type=object, subtype=error, className=TypeError, description=TypeError: Cannot read properties of null (reading 'textContent')
    at fun (<anonymous>:1:46)
    at <anonymous>:1:226
    at <anonymous>:1:235, objectId=-8140358101856018013.1.59}]
17:15:19.994 [nioEventLoopGroup-2-1] WARN  c.i.k.driver.chrome_1723722225062 - devtools error: [id: 104, sessionId: E252FD6883485DC4684230D5A03A2216, result: [type: MAP, value: {type=object, subtype=error, className=TypeError, description=TypeError: Cannot read properties of null (reading 'textContent')
    at fun (<anonymous>:1:46)
    at <anonymous>:1:226
    at <anonymous>:1:235, objectId=-8140358101856018013.1.61}]]
17:15:19.994 [main] WARN  c.i.k.driver.chrome_1723722225062 - js eval failed once:(function(){ var fun = function(_){ return _.textContent.includes('Whole Group Teacher Resources') }; var e = document.evaluate("//h3[text()='Whole Group Teacher Resources']", document, null, 9, null).singleNodeValue; return fun(e) })(), error: [type: MAP, value: {type=object, subtype=error, className=TypeError, description=TypeError: Cannot read properties of null (reading 'textContent')
    at fun (<anonymous>:1:46)
    at <anonymous>:1:226
    at <anonymous>:1:235, objectId=-8140358101856018013.1.61}]
17:15:23.005 [nioEventLoopGroup-2-1] WARN  c.i.k.driver.chrome_1723722225062 - devtools error: [id: 105, sessionId: E252FD6883485DC4684230D5A03A2216, result: [type: MAP, value: {type=object, subtype=error, className=TypeError, description=TypeError: Cannot read properties of null (reading 'textContent')
    at fun (<anonymous>:1:46)
    at <anonymous>:1:226
    at <anonymous>:1:235, objectId=-8140358101856018013.1.63}]]
17:15:23.005 [main] ERROR c.i.k.driver.chrome_1723722225062 - js eval failed twice:(function(){ var fun = function(_){ return _.textContent.includes('Whole Group Teacher Resources') }; var e = document.evaluate("//h3[text()='Whole Group Teacher Resources']", document, null, 9, null).singleNodeValue; return fun(e) })(), error: [type: MAP, value: {type=object, subtype=error, className=TypeError, description=TypeError: Cannot read properties of null (reading 'textContent')
    at fun (<anonymous>:1:46)
    at <anonymous>:1:226
    at <anonymous>:1:235, objectId=-8140358101856018013.1.63}]
17:15:23.005 [main] WARN  c.i.k.driver.chrome_1723722225062 - waitUntil evaluate failed: js eval failed twice:(function(){ var fun = function(_){ return _.textContent.includes('Whole Group Teacher Resources') }; var e = document.evaluate("//h3[text()='Whole Group Teacher Resources']", document, null, 9, null).singleNodeValue; return fun(e) })(), error: [type: MAP, value: {type=object, subtype=error, className=TypeError, description=TypeError: Cannot read properties of null (reading 'textContent')
    at fun (<anonymous>:1:46)
    at <anonymous>:1:226
    at <anonymous>:1:235, objectId=-8140358101856018013.1.63}]
17:15:26.020 [nioEventLoopGroup-2-1] WARN  c.i.k.driver.chrome_1723722225062 - devtools error: [id: 106, sessionId: E252FD6883485DC4684230D5A03A2216, result: [type: MAP, value: {type=object, subtype=error, className=TypeError, description=TypeError: Cannot read properties of null (reading 'textContent')
    at fun (<anonymous>:1:46)
    at <anonymous>:1:226
    at <anonymous>:1:235, objectId=-8140358101856018013.1.65}]]
17:15:26.021 [main] WARN  c.i.k.driver.chrome_1723722225062 - js eval failed once:(function(){ var fun = function(_){ return _.textContent.includes('Whole Group Teacher Resources') }; var e = document.evaluate("//h3[text()='Whole Group Teacher Resources']", document, null, 9, null).singleNodeValue; return fun(e) })(), error: [type: MAP, value: {type=object, subtype=error, className=TypeError, description=TypeError: Cannot read properties of null (reading 'textContent')
    at fun (<anonymous>:1:46)
    at <anonymous>:1:226
    at <anonymous>:1:235, objectId=-8140358101856018013.1.65}]
17:15:29.028 [nioEventLoopGroup-2-1] WARN  c.i.k.driver.chrome_1723722225062 - devtools error: [id: 107, sessionId: E252FD6883485DC4684230D5A03A2216, result: [type: MAP, value: {type=object, subtype=error, className=TypeError, description=TypeError: Cannot read properties of null (reading 'textContent')
    at fun (<anonymous>:1:46)
    at <anonymous>:1:226
    at <anonymous>:1:235, objectId=-8140358101856018013.1.67}]]
17:15:29.028 [main] ERROR c.i.k.driver.chrome_1723722225062 - js eval failed twice:(function(){ var fun = function(_){ return _.textContent.includes('Whole Group Teacher Resources') }; var e = document.evaluate("//h3[text()='Whole Group Teacher Resources']", document, null, 9, null).singleNodeValue; return fun(e) })(), error: [type: MAP, value: {type=object, subtype=error, className=TypeError, description=TypeError: Cannot read properties of null (reading 'textContent')
    at fun (<anonymous>:1:46)
    at <anonymous>:1:226
    at <anonymous>:1:235, objectId=-8140358101856018013.1.67}]
17:15:29.029 [main] WARN  c.i.k.driver.chrome_1723722225062 - waitUntil evaluate failed: js eval failed twice:(function(){ var fun = function(_){ return _.textContent.includes('Whole Group Teacher Resources') }; var e = document.evaluate("//h3[text()='Whole Group Teacher Resources']", document, null, 9, null).singleNodeValue; return fun(e) })(), error: [type: MAP, value: {type=object, subtype=error, className=TypeError, description=TypeError: Cannot read properties of null (reading 'textContent')
    at fun (<anonymous>:1:46)
    at <anonymous>:1:226
    at <anonymous>:1:235, objectId=-8140358101856018013.1.67}]
17:15:29.029 [main] WARN  c.intuit.karate.driver.DriverOptions - waitUntil (js): failed after 10 retries and 63286 milliseconds
17:15:29.042 [main] ERROR com.intuit.karate - classpath:BenchmarkEducation/FeatureFiles/BenchmarkUniverse.feature:107
* retry(NoOfRetry).waitForText("//h3[text()='Whole Group Teacher Resources']",'Whole Group Teacher Resources')
js failed:
>>>>
01: retry(NoOfRetry).waitForText("//h3[text()='Whole Group Teacher Resources']",'Whole Group Teacher Resources')
<<<<
org.graalvm.polyglot.PolyglotException: waitUntil (js): failed after 10 retries and 63286 milliseconds
- com.intuit.karate.driver.DriverOptions.retry(DriverOptions.java:517)
- com.intuit.karate.driver.DevToolsDriver.waitUntil(DevToolsDriver.java:765)
- com.intuit.karate.driver.DriverOptions.waitUntil(DriverOptions.java:674)
- com.intuit.karate.driver.Driver.waitUntil(Driver.java:283)
- com.intuit.karate.driver.Driver.waitForText(Driver.java:247)
- <js>.:program(Unnamed:1)

classpath:BenchmarkEducation/FeatureFiles/BenchmarkUniverse.feature:107
17:15:57.073 [chrome_1723722225062] WARN  com.intuit.karate.shell.Command - exit code was non-zero: 1 - [C:\Program Files\Google\Chrome\Application\chrome.exe, --remote-debugging-port=9222, --no-first-run, --user-data-dir=C:\Users\PawanKumar\KarateAutomation\BenchMarkFramework\target\chrome_1723722225062, --disable-popup-blocking, --remote-allow-origins=*] working dir: target\chrome_1723722225062
---------------------------------------------------------
feature: classpath:BenchmarkEducation/FeatureFiles/BenchmarkUniverse.feature
scenarios:  1 | passed:  0 | failed:  1 | time: 104.0090
---------------------------------------------------------

17:15:58.951 [main] INFO  com.intuit.karate.Suite - <<fail>> feature 2 of 5 (0 remaining) classpath:BenchmarkEducation/FeatureFiles/BenchmarkUniverse.feature
Karate version: 1.2.0
======================================================
elapsed: 136.28 | threads:    1 | thread time: 104.01 
features:     1 | skipped:    4 | efficiency: 0.76
scenarios:    1 | passed:     0 | failed: 1
======================================================
>>> failed features:
js failed:
>>>>
01: retry(NoOfRetry).waitForText("//h3[text()='Whole Group Teacher Resources']",'Whole Group Teacher Resources')
<<<<
org.graalvm.polyglot.PolyglotException: waitUntil (js): failed after 10 retries and 63286 milliseconds
- com.intuit.karate.driver.DriverOptions.retry(DriverOptions.java:517)
- com.intuit.karate.driver.DevToolsDriver.waitUntil(DevToolsDriver.java:765)
- com.intuit.karate.driver.DriverOptions.waitUntil(DriverOptions.java:674)
- com.intuit.karate.driver.Driver.waitUntil(Driver.java:283)
- com.intuit.karate.driver.Driver.waitForText(Driver.java:247)
- <js>.:program(Unnamed:1)

classpath:BenchmarkEducation/FeatureFiles/BenchmarkUniverse.feature:107
<<<

HTML report: (paste into browser to view) | Karate version: 1.2.0
file:///C:/Users/PawanKumar/KarateAutomation/BenchMarkFramework/target/karate-reports/karate-summary.html
===================================================================

]]></system-out>
    <system-err><![CDATA[Aug 15, 2024 5:15:59 PM net.masterthought.cucumber.ReportParser parseJsonFiles
INFO: File 'C:\Users\PawanKumar\KarateAutomation\BenchMarkFramework\target\karate-reports\BenchmarkEducation.FeatureFiles.BenchmarkUniverse.json' contains 1 features
]]></system-err>
  </testcase>
</testsuite>